<?xml version="1.0" encoding="UTF-8"?>
<!-- Generated by org.testng.reporters.JUnitReportReporter -->
<testsuite hostname="lappy" failures="0" tests="4" name="com.lavatech.www.TestClass" time="87.896" errors="0" timestamp="2024-02-18T21:54:04 IST" skipped="0">
  <testcase classname="com.lavatech.www.TestClass" name="register" time="24.063"/>
  <system-out/>
  <testcase classname="com.lavatech.www.TestClass" name="login" time="11.435"/>
  <system-out/>
  <testcase classname="com.lavatech.www.TestClass" name="cart" time="15.513"/>
  <system-out/>
  <testcase classname="com.lavatech.www.TestClass" name="orderPlace" time="36.885"/>
  <system-out/>
</testsuite> <!-- com.lavatech.www.TestClass -->
